<?xml version="1.0" encoding="UTF-8"?>
<!-- Generated by org.testng.reporters.JUnitReportReporter -->
<testsuite hostname="Rmaster90" failures="0" tests="1" name="StepDefinitions.FunctionalTest" time="16.854" errors="0" timestamp="2022-01-17T18:40:28 IRST" skipped="0">
  <testcase classname="StepDefinitions.FunctionalTest" name="the_browser_launched_and_opened" time="16.854"/>
  <system-out/>
</testsuite> <!-- StepDefinitions.FunctionalTest -->
